<?xml version="1.0" encoding="UTF-8"?>
<!-- Generated by org.testng.reporters.JUnitReportReporter -->
<testsuite hostname="IPIX-DESK23" failures="0" tests="1" name="testscript.HomePageClickTest" time="10.560" errors="0" timestamp="2025-04-07T18:12:32 IST" skipped="0">
  <testcase classname="testscript.HomePageClickTest" name="aboutUsPage" time="10.560"/>
</testsuite> <!-- testscript.HomePageClickTest -->
